0    [main] INFO  KitCAT.Tester  - Running test ConferenceSampleTest
105  [main] WARN  gov.nist.javax.sip.SipStackImpl  - using default tls security policy
130  [main] INFO  gov.nist.javax.sip.stack.timers.DefaultSipTimer  - the sip stack timer gov.nist.javax.sip.stack.timers.DefaultSipTimer has been started
275  [main] INFO  KitCAT.Tester  - running test setup
275  [main] INFO  KitCAT.Tester  - Running test testCompletedCall
1722 [main] INFO  KitCAT.Tester  - alice sends INVITE to conf
1765 [main] INFO  KitCAT.Tracer  - alice -> INVITE
1767 [main] ERROR KitCAT.Tester  - test failed
org.echarts.test.sip.CATException: javax.sip.SipException: Invalid argument (sendto failed)
	at org.echarts.test.sip.SIPAgentImpl.execUserCommand(SIPAgentImpl.java:275)
	at org.echarts.test.sip.SIPAgentImpl.call(SIPAgentImpl.java:383)
	at org.echarts.test.sip.SIPAgentImpl.call(SIPAgentImpl.java:348)
	at org.echarts.test.sip.SIPAgentImpl.call(SIPAgentImpl.java:344)
	at att.com.ConferenceSample.ConferenceSampleMachineTest.testCompletedCall(ConferenceSampleMachineTest.java:141)
	at sun.reflect.NativeMethodAccessorImpl.invoke0(Native Method)
	at sun.reflect.NativeMethodAccessorImpl.invoke(NativeMethodAccessorImpl.java:62)
	at sun.reflect.DelegatingMethodAccessorImpl.invoke(DelegatingMethodAccessorImpl.java:43)
	at java.lang.reflect.Method.invoke(Method.java:498)
	at org.junit.internal.runners.TestMethod.invoke(TestMethod.java:59)
	at org.junit.internal.runners.MethodRoadie.runTestMethod(MethodRoadie.java:98)
	at org.junit.internal.runners.MethodRoadie$2.run(MethodRoadie.java:79)
	at org.junit.internal.runners.MethodRoadie.runBeforesThenTestThenAfters(MethodRoadie.java:87)
	at org.junit.internal.runners.MethodRoadie.runTest(MethodRoadie.java:77)
	at org.junit.internal.runners.MethodRoadie.run(MethodRoadie.java:42)
	at org.junit.internal.runners.JUnit4ClassRunner.invokeTestMethod(JUnit4ClassRunner.java:88)
	at org.junit.internal.runners.JUnit4ClassRunner.runMethods(JUnit4ClassRunner.java:51)
	at org.junit.internal.runners.JUnit4ClassRunner$1.run(JUnit4ClassRunner.java:44)
	at org.junit.internal.runners.ClassRoadie.runUnprotected(ClassRoadie.java:27)
	at org.junit.internal.runners.ClassRoadie.runProtected(ClassRoadie.java:37)
	at org.junit.internal.runners.JUnit4ClassRunner.run(JUnit4ClassRunner.java:42)
	at org.junit.runner.JUnitCore.run(JUnitCore.java:130)
	at com.intellij.junit4.JUnit4IdeaTestRunner.startRunnerWithArgs(JUnit4IdeaTestRunner.java:68)
	at com.intellij.rt.execution.junit.IdeaTestRunner$Repeater.startRunnerWithArgs(IdeaTestRunner.java:47)
	at com.intellij.rt.execution.junit.JUnitStarter.prepareStreamsAndStart(JUnitStarter.java:242)
	at com.intellij.rt.execution.junit.JUnitStarter.main(JUnitStarter.java:70)
Caused by: javax.sip.SipException: Invalid argument (sendto failed)
	at gov.nist.javax.sip.stack.SIPClientTransaction.sendRequest(SIPClientTransaction.java:1044)
	at org.echarts.jain.sip.messages.TypedRequest.send(TypedRequest.java:92)
	at org.echarts.jain.sip.SipPort.send(SipPort.java:710)
	at org.echarts.jain.sip.SipPort.output(SipPort.java:725)
	at org.echarts.test.sip.SetupInviteDialogFSM.transition_2_1_action(SetupInviteDialogFSM.java:298)
	at org.echarts.test.sip.SetupInviteDialogFSM$10.invoke(SetupInviteDialogFSM.java:81)
	at org.echarts.BasicTransitionTarget.evaluateAction(BasicTransitionTarget.java:65)
	at org.echarts.TransitionMachine.fireMessagelessTransition(TransitionMachine.java:1315)
	at org.echarts.TransitionMachine.runMessagelessTransitionSequence(TransitionMachine.java:1270)
	at org.echarts.TransitionMachine.runMessageTransitionSequence(TransitionMachine.java:1253)
	at org.echarts.TransitionMachine.run(TransitionMachine.java:1122)
	at org.echarts.test.sip.SIPAgentImpl.execUserCommand(SIPAgentImpl.java:266)
	... 25 more
Caused by: java.io.IOException: Invalid argument (sendto failed)
	at java.net.PlainDatagramSocketImpl.send(Native Method)
	at java.net.DatagramSocket.send(DatagramSocket.java:693)
	at gov.nist.javax.sip.stack.UDPMessageChannel.sendMessage(UDPMessageChannel.java:807)
	at gov.nist.javax.sip.stack.MessageChannel.sendMessage(MessageChannel.java:281)
	at gov.nist.javax.sip.stack.SIPTransaction.sendMessage(SIPTransaction.java:855)
	at gov.nist.javax.sip.stack.SIPClientTransaction.sendMessage(SIPClientTransaction.java:489)
	at gov.nist.javax.sip.stack.SIPClientTransaction.sendRequest(SIPClientTransaction.java:1036)
	... 36 more
1791 [main] INFO  KitCAT.Tester  - running test cleanup
4794 [main] INFO  gov.nist.javax.sip.stack.timers.DefaultSipTimer  - the sip stack timer gov.nist.javax.sip.stack.timers.DefaultSipTimer has been stopped
5795 [main] INFO  gov.nist.javax.sip.stack.timers.DefaultSipTimer  - the sip stack timer gov.nist.javax.sip.stack.timers.DefaultSipTimer has been stopped
6805 [main] INFO  KitCAT.Tester  - ====================
